<?xml version="1.0" encoding="UTF-8"?>
<beans xmlns="http://www.springframework.org/schema/beans"
       xmlns:xsi="http://www.w3.org/2001/XMLSchema-instance"
       xmlns:mockito="http://www.mockito.org/spring/mockito"
       xmlns:context="http://www.springframework.org/schema/context"
       xsi:schemaLocation="http://www.springframework.org/schema/beans http://www.springframework.org/schema/beans/spring-beans.xsd
                        http://www.mockito.org/spring/mockito http://www.mockito.org/spring/mockito.xsd
                        http://www.springframework.org/schema/context http://www.springframework.org/schema/context/spring-context.xsd">

    <mockito:mock id="authorizer" class="fi.vm.sade.authentication.business.service.Authorizer" />

    <context:annotation-config/>
    <context:component-scan base-package="fi.vm.sade.sijoittelu.tulos"/>

    <context:property-placeholder
            location="classpath:common.properties"
            ignore-resource-not-found="false"/>

    <bean id="mongodFactory" class="fi.vm.sade.sijoittelu.tulos.mongo.MongodV3ForTestsFactory" destroy-method="shutdown"/>
    <bean id="mongo" class="com.mongodb.MongoClient" factory-bean="mongodFactory" factory-method="newMongo"/>

    <bean id="morphia" class="org.mongodb.morphia.Morphia"/>
    <bean id="datastore" factory-bean="morphia" factory-method="createDatastore">
        <constructor-arg type="com.mongodb.MongoClient" ref="mongo"/>
        <constructor-arg type="java.lang.String" value="sijoittelu"/>
    </bean>

    <bean id="morphia2" class="org.mongodb.morphia.Morphia" />
    <bean id="datastore2" factory-bean="morphia2" factory-method="createDatastore">
        <constructor-arg type="com.mongodb.MongoClient" ref="mongo" />
        <constructor-arg type="java.lang.String" value="test" />
    </bean>

</beans>
