<?xml version="1.0" encoding="UTF-8"?>
<beans xmlns="http://www.springframework.org/schema/beans"
    xmlns:xsi="http://www.w3.org/2001/XMLSchema-instance" xmlns:context="http://www.springframework.org/schema/context"
    xsi:schemaLocation="http://www.springframework.org/schema/beans http://www.springframework.org/schema/beans/spring-beans.xsd
                        http://www.springframework.org/schema/context http://www.springframework.org/schema/context/spring-context.xsd">

    <context:annotation-config />
    <context:component-scan base-package="fi.vm.sade.sijoittelu.tulos" />

    <!--<import-->
        <!--resource="classpath:spring/context/application-context-aspect.xml" />-->
    <import
        resource="classpath:spring/context/application-context-tulos-converter.xml" />
    <!-- Database -->

    <bean id="mongodFactory" class="de.flapdoodle.embed.mongo.tests.MongodForTestsFactory" destroy-method="shutdown" />

    <bean id="mongo" class="com.mongodb.MongoClient" factory-bean="mongodFactory" factory-method="newMongo" />
    <bean id="morphia" class="com.google.code.morphia.Morphia" />
    <bean id="datastore" factory-bean="morphia" factory-method="createDatastore">
        <constructor-arg type="com.mongodb.Mongo" ref="mongo" />
        <constructor-arg type="java.lang.String" value="sijoittelu" />
    </bean>
</beans>
