<?xml version="1.0" encoding="UTF-8"?>
<beans xmlns="http://www.springframework.org/schema/beans"
       xmlns:xsi="http://www.w3.org/2001/XMLSchema-instance"
       xmlns:context="http://www.springframework.org/schema/context"
       xsi:schemaLocation="http://www.springframework.org/schema/beans http://www.springframework.org/schema/beans/spring-beans.xsd
                        http://www.springframework.org/schema/context http://www.springframework.org/schema/context/spring-context.xsd">


    <context:annotation-config/>
    <context:component-scan base-package="fi.vm.sade.sijoittelu.laskenta"/>
    <context:component-scan base-package="fi.vm.sade.sijoittelu.batch"/>
    <context:component-scan base-package="fi.vm.sade.security"/>

    <bean id="mongodFactory" class="de.flapdoodle.embed.mongo.tests.MongodForTestsFactory" destroy-method="shutdown"/>
    <bean id="mongo" class="com.mongodb.MongoClient" factory-bean="mongodFactory" factory-method="newMongo"/>

    <bean id="morphia" class="org.mongodb.morphia.Morphia"/>
    <bean id="datastore" factory-bean="morphia" factory-method="createDatastore">
        <constructor-arg type="com.mongodb.MongoClient" ref="mongo"/>
        <constructor-arg type="String" value="sijoittelu"/>
    </bean>

    <bean id="mongodFactory2" class="de.flapdoodle.embed.mongo.tests.MongodForTestsFactory" destroy-method="shutdown"/>
    <bean id="mongo2" class="com.mongodb.MongoClient" factory-bean="mongodFactory2" factory-method="newMongo"/>

    <bean id="morphia2" class="org.mongodb.morphia.Morphia" />
    <bean id="datastore2" factory-bean="morphia2" factory-method="createDatastore">
        <constructor-arg type="com.mongodb.MongoClient" ref="mongo2" />
        <constructor-arg type="java.lang.String" value="test" />
    </bean>

    <context:component-scan base-package="fi.vm.sade.valintalaskenta.tulos.dao"/>
    <context:component-scan base-package="fi.vm.sade.valintalaskenta.tulos.service.impl"/>
    <context:component-scan base-package="fi.vm.sade.valintalaskenta.tulos.resource.impl"/>
    <context:component-scan base-package="fi.vm.sade.valintalaskenta.tulos.service.impl.converters"/>

    <bean id="modelMapper" class="fi.vm.sade.valintalaskenta.tulos.mapping.ValintalaskentaModelMapper"/>

    <bean id="sijoitteluModelMapper" class="fi.vm.sade.sijoittelu.laskenta.mapping.SijoitteluModelMapper"/>

</beans>






















 