<?xml version="1.0" encoding="UTF-8"?>
<beans xmlns="http://www.springframework.org/schema/beans"
       xmlns:xsi="http://www.w3.org/2001/XMLSchema-instance"
       xmlns:context="http://www.springframework.org/schema/context"
       xsi:schemaLocation="http://www.springframework.org/schema/beans http://www.springframework.org/schema/beans/spring-beans.xsd
                        http://www.springframework.org/schema/context http://www.springframework.org/schema/context/spring-context.xsd">

    
    <context:annotation-config />
    <context:component-scan base-package="fi.vm.sade.sijoittelu.laskenta" />
    <context:component-scan base-package="fi.vm.sade.sijoittelu.batch" />

    <bean id="sijoitteluServiceImpl" class="fi.vm.sade.sijoittelu.laskenta.service.impl.SijoitteluServiceImpl" />

    <!-- Database -->
	<bean id="mongo" class="com.mongodb.Mongo" scope="singleton">
		<constructor-arg type="String" value="127.0.0.1" />
		<constructor-arg type="int" value="37123" />
	</bean>
	<bean id="morphia" class="com.google.code.morphia.Morphia" />
	<bean id="datastore" factory-bean="morphia" factory-method="createDatastore">
		<constructor-arg type="com.mongodb.Mongo" ref="mongo" />
		<constructor-arg type="String" value="sijoittelu" />
	</bean>

</beans>






















 