<?xml version="1.0" encoding="UTF-8"?>
<beans xmlns="http://www.springframework.org/schema/beans"
    xmlns:xsi="http://www.w3.org/2001/XMLSchema-instance"
    xmlns:context="http://www.springframework.org/schema/context"
    xsi:schemaLocation="
        http://www.springframework.org/schema/beans http://www.springframework.org/schema/beans/spring-beans.xsd
        http://www.springframework.org/schema/context
        http://www.springframework.org/schema/context/spring-context.xsd
        http://cxf.apache.org/jaxws http://cxf.apache.org/schemas/jaxws.xsd
    ">

   <!-- THESE ARE FOR BATCH PACKAGE MOCK mongo -->     
    <bean class="org.mockito.Mockito" factory-method="mock">
	    <constructor-arg value="com.google.code.morphia.Datastore" />
	</bean>    
   	<context:annotation-config />
    <context:component-scan base-package="fi.vm.sade.sijoittelu" />
    <!--END - THESE ARE FOR BATCH PACKAGE MOCK mongo -->  
    
</beans>